<?xml version="1.0" encoding="UTF-8"?>
<robot generator="Robot 6.0.2 (Python 3.10.7 on win32)" generated="20230321 15:32:37.891" rpa="false" schemaversion="3">
<suite id="s1" name="DDT1" source="C:\Users\Keerthana\robotframeworklearning\Resources\DDT1.robot">
<kw name="Opening my browser" library="resources" type="SETUP">
<kw name="Open Browser" library="SeleniumLibrary">
<arg>${url1}</arg>
<arg>${browser}</arg>
<doc>Opens a new browser instance to the optional ``url``.</doc>
<msg timestamp="20230321 15:32:38.442" level="INFO">Opening browser 'chrome' to base url 'https://admin-demo.nopcommerce.com/login?ReturnUrl=%2Fadmin%2F'.</msg>
<status status="PASS" starttime="20230321 15:32:38.440" endtime="20230321 15:32:43.491"/>
</kw>
<kw name="Maximize Browser Window" library="SeleniumLibrary">
<doc>Maximizes current browser window.</doc>
<status status="PASS" starttime="20230321 15:32:43.491" endtime="20230321 15:32:43.634"/>
</kw>
<status status="PASS" starttime="20230321 15:32:38.440" endtime="20230321 15:32:43.635"/>
</kw>
<test id="s1-t1" name="right user wrong pwd" line="14">
<kw name="Invaild login">
<arg>admin@yourstore.com</arg>
<arg>adin</arg>
<kw name="inputing Username" library="resources">
<arg>${username}</arg>
<kw name="Input Text" library="SeleniumLibrary">
<arg>id:Email</arg>
<arg>${username}</arg>
<doc>Types the given ``text`` into the text field identified by ``locator``.</doc>
<msg timestamp="20230321 15:32:43.640" level="INFO">Typing text 'admin@yourstore.com' into text field 'id:Email'.</msg>
<status status="PASS" starttime="20230321 15:32:43.639" endtime="20230321 15:32:43.885"/>
</kw>
<status status="PASS" starttime="20230321 15:32:43.638" endtime="20230321 15:32:43.885"/>
</kw>
<kw name="inputing password" library="resources">
<arg>${password}</arg>
<kw name="Input Text" library="SeleniumLibrary">
<arg>id:Password</arg>
<arg>${password}</arg>
<doc>Types the given ``text`` into the text field identified by ``locator``.</doc>
<msg timestamp="20230321 15:32:43.887" level="INFO">Typing text 'adin' into text field 'id:Password'.</msg>
<status status="PASS" starttime="20230321 15:32:43.886" endtime="20230321 15:32:44.057"/>
</kw>
<status status="PASS" starttime="20230321 15:32:43.885" endtime="20230321 15:32:44.057"/>
</kw>
<kw name="Sleep" library="BuiltIn">
<arg>1</arg>
<doc>Pauses the test executed for the given time.</doc>
<msg timestamp="20230321 15:32:45.063" level="INFO">Slept 1 second</msg>
<status status="PASS" starttime="20230321 15:32:44.058" endtime="20230321 15:32:45.063"/>
</kw>
<kw name="click login button" library="resources">
<kw name="Click Element" library="SeleniumLibrary">
<arg>xpath://button[@class="button-1 login-button"]</arg>
<doc>Click the element identified by ``locator``.</doc>
<msg timestamp="20230321 15:32:45.064" level="INFO">Clicking element 'xpath://button[@class="button-1 login-button"]'.</msg>
<status status="PASS" starttime="20230321 15:32:45.064" endtime="20230321 15:32:46.677"/>
</kw>
<status status="PASS" starttime="20230321 15:32:45.063" endtime="20230321 15:32:46.678"/>
</kw>
<kw name="Error message should be visible" library="resources">
<kw name="Page Should Contain" library="SeleniumLibrary">
<arg>Login was unsuccessful.</arg>
<doc>Verifies that current page contains ``text``.</doc>
<msg timestamp="20230321 15:32:46.705" level="INFO">Current page contains text 'Login was unsuccessful.'.</msg>
<status status="PASS" starttime="20230321 15:32:46.680" endtime="20230321 15:32:46.705"/>
</kw>
<status status="PASS" starttime="20230321 15:32:46.678" endtime="20230321 15:32:46.705"/>
</kw>
<status status="PASS" starttime="20230321 15:32:43.637" endtime="20230321 15:32:46.705"/>
</kw>
<status status="PASS" starttime="20230321 15:32:43.635" endtime="20230321 15:32:46.706"/>
</test>
<test id="s1-t2" name="wrong user right pwd" line="15">
<kw name="Invaild login">
<arg>admin@wrong.com</arg>
<arg>admin</arg>
<kw name="inputing Username" library="resources">
<arg>${username}</arg>
<kw name="Input Text" library="SeleniumLibrary">
<arg>id:Email</arg>
<arg>${username}</arg>
<doc>Types the given ``text`` into the text field identified by ``locator``.</doc>
<msg timestamp="20230321 15:32:46.716" level="INFO">Typing text 'admin@wrong.com' into text field 'id:Email'.</msg>
<status status="PASS" starttime="20230321 15:32:46.715" endtime="20230321 15:32:46.898"/>
</kw>
<status status="PASS" starttime="20230321 15:32:46.714" endtime="20230321 15:32:46.898"/>
</kw>
<kw name="inputing password" library="resources">
<arg>${password}</arg>
<kw name="Input Text" library="SeleniumLibrary">
<arg>id:Password</arg>
<arg>${password}</arg>
<doc>Types the given ``text`` into the text field identified by ``locator``.</doc>
<msg timestamp="20230321 15:32:46.899" level="INFO">Typing text 'admin' into text field 'id:Password'.</msg>
<status status="PASS" starttime="20230321 15:32:46.899" endtime="20230321 15:32:47.055"/>
</kw>
<status status="PASS" starttime="20230321 15:32:46.898" endtime="20230321 15:32:47.055"/>
</kw>
<kw name="Sleep" library="BuiltIn">
<arg>1</arg>
<doc>Pauses the test executed for the given time.</doc>
<msg timestamp="20230321 15:32:48.059" level="INFO">Slept 1 second</msg>
<status status="PASS" starttime="20230321 15:32:47.055" endtime="20230321 15:32:48.059"/>
</kw>
<kw name="click login button" library="resources">
<kw name="Click Element" library="SeleniumLibrary">
<arg>xpath://button[@class="button-1 login-button"]</arg>
<doc>Click the element identified by ``locator``.</doc>
<msg timestamp="20230321 15:32:48.061" level="INFO">Clicking element 'xpath://button[@class="button-1 login-button"]'.</msg>
<status status="PASS" starttime="20230321 15:32:48.060" endtime="20230321 15:32:50.000"/>
</kw>
<status status="PASS" starttime="20230321 15:32:48.059" endtime="20230321 15:32:50.001"/>
</kw>
<kw name="Error message should be visible" library="resources">
<kw name="Page Should Contain" library="SeleniumLibrary">
<arg>Login was unsuccessful.</arg>
<doc>Verifies that current page contains ``text``.</doc>
<msg timestamp="20230321 15:32:50.037" level="INFO">Current page contains text 'Login was unsuccessful.'.</msg>
<status status="PASS" starttime="20230321 15:32:50.002" endtime="20230321 15:32:50.037"/>
</kw>
<status status="PASS" starttime="20230321 15:32:50.001" endtime="20230321 15:32:50.038"/>
</kw>
<status status="PASS" starttime="20230321 15:32:46.714" endtime="20230321 15:32:50.038"/>
</kw>
<status status="PASS" starttime="20230321 15:32:46.712" endtime="20230321 15:32:50.038"/>
</test>
<test id="s1-t3" name="right user empty pwd" line="16">
<kw name="Invaild login">
<arg>admin@yourstore.com</arg>
<arg>${EMPTY}</arg>
<kw name="inputing Username" library="resources">
<arg>${username}</arg>
<kw name="Input Text" library="SeleniumLibrary">
<arg>id:Email</arg>
<arg>${username}</arg>
<doc>Types the given ``text`` into the text field identified by ``locator``.</doc>
<msg timestamp="20230321 15:32:50.048" level="INFO">Typing text 'admin@yourstore.com' into text field 'id:Email'.</msg>
<status status="PASS" starttime="20230321 15:32:50.047" endtime="20230321 15:32:50.262"/>
</kw>
<status status="PASS" starttime="20230321 15:32:50.047" endtime="20230321 15:32:50.262"/>
</kw>
<kw name="inputing password" library="resources">
<arg>${password}</arg>
<kw name="Input Text" library="SeleniumLibrary">
<arg>id:Password</arg>
<arg>${password}</arg>
<doc>Types the given ``text`` into the text field identified by ``locator``.</doc>
<msg timestamp="20230321 15:32:50.264" level="INFO">Typing text '' into text field 'id:Password'.</msg>
<status status="PASS" starttime="20230321 15:32:50.263" endtime="20230321 15:32:50.404"/>
</kw>
<status status="PASS" starttime="20230321 15:32:50.262" endtime="20230321 15:32:50.404"/>
</kw>
<kw name="Sleep" library="BuiltIn">
<arg>1</arg>
<doc>Pauses the test executed for the given time.</doc>
<msg timestamp="20230321 15:32:51.411" level="INFO">Slept 1 second</msg>
<status status="PASS" starttime="20230321 15:32:50.405" endtime="20230321 15:32:51.411"/>
</kw>
<kw name="click login button" library="resources">
<kw name="Click Element" library="SeleniumLibrary">
<arg>xpath://button[@class="button-1 login-button"]</arg>
<doc>Click the element identified by ``locator``.</doc>
<msg timestamp="20230321 15:32:51.412" level="INFO">Clicking element 'xpath://button[@class="button-1 login-button"]'.</msg>
<status status="PASS" starttime="20230321 15:32:51.412" endtime="20230321 15:32:52.059"/>
</kw>
<status status="PASS" starttime="20230321 15:32:51.411" endtime="20230321 15:32:52.059"/>
</kw>
<kw name="Error message should be visible" library="resources">
<kw name="Page Should Contain" library="SeleniumLibrary">
<arg>Login was unsuccessful.</arg>
<doc>Verifies that current page contains ``text``.</doc>
<msg timestamp="20230321 15:32:52.088" level="INFO">Current page contains text 'Login was unsuccessful.'.</msg>
<status status="PASS" starttime="20230321 15:32:52.062" endtime="20230321 15:32:52.089"/>
</kw>
<status status="PASS" starttime="20230321 15:32:52.060" endtime="20230321 15:32:52.090"/>
</kw>
<status status="PASS" starttime="20230321 15:32:50.044" endtime="20230321 15:32:52.091"/>
</kw>
<status status="PASS" starttime="20230321 15:32:50.041" endtime="20230321 15:32:52.092"/>
</test>
<test id="s1-t4" name="empty user right pwd" line="17">
<kw name="Invaild login">
<arg>${EMPTY}</arg>
<arg>admin</arg>
<kw name="inputing Username" library="resources">
<arg>${username}</arg>
<kw name="Input Text" library="SeleniumLibrary">
<arg>id:Email</arg>
<arg>${username}</arg>
<doc>Types the given ``text`` into the text field identified by ``locator``.</doc>
<msg timestamp="20230321 15:32:52.099" level="INFO">Typing text '' into text field 'id:Email'.</msg>
<status status="PASS" starttime="20230321 15:32:52.098" endtime="20230321 15:32:52.250"/>
</kw>
<status status="PASS" starttime="20230321 15:32:52.097" endtime="20230321 15:32:52.250"/>
</kw>
<kw name="inputing password" library="resources">
<arg>${password}</arg>
<kw name="Input Text" library="SeleniumLibrary">
<arg>id:Password</arg>
<arg>${password}</arg>
<doc>Types the given ``text`` into the text field identified by ``locator``.</doc>
<msg timestamp="20230321 15:32:52.252" level="INFO">Typing text 'admin' into text field 'id:Password'.</msg>
<status status="PASS" starttime="20230321 15:32:52.251" endtime="20230321 15:32:52.404"/>
</kw>
<status status="PASS" starttime="20230321 15:32:52.250" endtime="20230321 15:32:52.404"/>
</kw>
<kw name="Sleep" library="BuiltIn">
<arg>1</arg>
<doc>Pauses the test executed for the given time.</doc>
<msg timestamp="20230321 15:32:53.410" level="INFO">Slept 1 second</msg>
<status status="PASS" starttime="20230321 15:32:52.404" endtime="20230321 15:32:53.410"/>
</kw>
<kw name="click login button" library="resources">
<kw name="Click Element" library="SeleniumLibrary">
<arg>xpath://button[@class="button-1 login-button"]</arg>
<doc>Click the element identified by ``locator``.</doc>
<msg timestamp="20230321 15:32:53.412" level="INFO">Clicking element 'xpath://button[@class="button-1 login-button"]'.</msg>
<status status="PASS" starttime="20230321 15:32:53.411" endtime="20230321 15:32:53.496"/>
</kw>
<status status="PASS" starttime="20230321 15:32:53.410" endtime="20230321 15:32:53.497"/>
</kw>
<kw name="Error message should be visible" library="resources">
<kw name="Page Should Contain" library="SeleniumLibrary">
<arg>Login was unsuccessful.</arg>
<doc>Verifies that current page contains ``text``.</doc>
<msg timestamp="20230321 15:32:53.516" level="INFO">Current page contains text 'Login was unsuccessful.'.</msg>
<status status="PASS" starttime="20230321 15:32:53.498" endtime="20230321 15:32:53.516"/>
</kw>
<status status="PASS" starttime="20230321 15:32:53.497" endtime="20230321 15:32:53.517"/>
</kw>
<status status="PASS" starttime="20230321 15:32:52.096" endtime="20230321 15:32:53.517"/>
</kw>
<status status="PASS" starttime="20230321 15:32:52.095" endtime="20230321 15:32:53.518"/>
</test>
<test id="s1-t5" name="wrong user wrong pwd" line="18">
<kw name="Invaild login">
<arg>admin@wrong.com</arg>
<arg>adin</arg>
<kw name="inputing Username" library="resources">
<arg>${username}</arg>
<kw name="Input Text" library="SeleniumLibrary">
<arg>id:Email</arg>
<arg>${username}</arg>
<doc>Types the given ``text`` into the text field identified by ``locator``.</doc>
<msg timestamp="20230321 15:32:53.526" level="INFO">Typing text 'admin@wrong.com' into text field 'id:Email'.</msg>
<status status="PASS" starttime="20230321 15:32:53.524" endtime="20230321 15:32:53.684"/>
</kw>
<status status="PASS" starttime="20230321 15:32:53.523" endtime="20230321 15:32:53.684"/>
</kw>
<kw name="inputing password" library="resources">
<arg>${password}</arg>
<kw name="Input Text" library="SeleniumLibrary">
<arg>id:Password</arg>
<arg>${password}</arg>
<doc>Types the given ``text`` into the text field identified by ``locator``.</doc>
<msg timestamp="20230321 15:32:53.687" level="INFO">Typing text 'adin' into text field 'id:Password'.</msg>
<status status="PASS" starttime="20230321 15:32:53.685" endtime="20230321 15:32:53.822"/>
</kw>
<status status="PASS" starttime="20230321 15:32:53.684" endtime="20230321 15:32:53.823"/>
</kw>
<kw name="Sleep" library="BuiltIn">
<arg>1</arg>
<doc>Pauses the test executed for the given time.</doc>
<msg timestamp="20230321 15:32:54.831" level="INFO">Slept 1 second</msg>
<status status="PASS" starttime="20230321 15:32:53.823" endtime="20230321 15:32:54.831"/>
</kw>
<kw name="click login button" library="resources">
<kw name="Click Element" library="SeleniumLibrary">
<arg>xpath://button[@class="button-1 login-button"]</arg>
<doc>Click the element identified by ``locator``.</doc>
<msg timestamp="20230321 15:32:54.833" level="INFO">Clicking element 'xpath://button[@class="button-1 login-button"]'.</msg>
<status status="PASS" starttime="20230321 15:32:54.832" endtime="20230321 15:32:55.517"/>
</kw>
<status status="PASS" starttime="20230321 15:32:54.831" endtime="20230321 15:32:55.518"/>
</kw>
<kw name="Error message should be visible" library="resources">
<kw name="Page Should Contain" library="SeleniumLibrary">
<arg>Login was unsuccessful.</arg>
<doc>Verifies that current page contains ``text``.</doc>
<msg timestamp="20230321 15:32:55.547" level="INFO">Current page contains text 'Login was unsuccessful.'.</msg>
<status status="PASS" starttime="20230321 15:32:55.520" endtime="20230321 15:32:55.547"/>
</kw>
<status status="PASS" starttime="20230321 15:32:55.518" endtime="20230321 15:32:55.548"/>
</kw>
<status status="PASS" starttime="20230321 15:32:53.521" endtime="20230321 15:32:55.548"/>
</kw>
<status status="PASS" starttime="20230321 15:32:53.520" endtime="20230321 15:32:55.550"/>
</test>
<kw name="Closing my browsers" library="resources" type="TEARDOWN">
<kw name="Close All Browsers" library="SeleniumLibrary">
<doc>Closes all open browsers and resets the browser cache.</doc>
<status status="PASS" starttime="20230321 15:32:55.554" endtime="20230321 15:32:57.955"/>
</kw>
<status status="PASS" starttime="20230321 15:32:55.553" endtime="20230321 15:32:57.955"/>
</kw>
<status status="PASS" starttime="20230321 15:32:37.897" endtime="20230321 15:32:57.955"/>
</suite>
<statistics>
<total>
<stat pass="5" fail="0" skip="0">All Tests</stat>
</total>
<tag>
</tag>
<suite>
<stat pass="5" fail="0" skip="0" id="s1" name="DDT1">DDT1</stat>
</suite>
</statistics>
<errors>
<msg timestamp="20230321 15:32:37.868" level="ERROR">Error in file 'C:\Users\Keerthana\robotframeworklearning\Resources\DDT1.robot' on line 9: Setting 'Suite Setup' is allowed only once. Only the first value is used.</msg>
<msg timestamp="20230321 15:32:37.869" level="ERROR">Error in file 'C:\Users\Keerthana\robotframeworklearning\Resources\DDT1.robot' on line 10: Setting 'Suite Teardown' is allowed only once. Only the first value is used.</msg>
<msg timestamp="20230321 15:32:37.872" level="ERROR">Error in file 'C:\Users\Keerthana\robotframeworklearning\Resources\DDT1.robot' on line 11: Setting 'Test Template' is allowed only once. Only the first value is used.</msg>
</errors>
</robot>
